Mon Jul 29 2024 19:30:33 GMT-0300 (Brasilia Standard Time): WARN - Invalid data on request at CreateCourseController by User: henriquepinheiro18@gmail.com
Mon Jul 29 2024 19:34:38 GMT-0300 (Brasilia Standard Time): WARN - Invalid coordinator Email on request at CreateCourseController by User: henriquepinheiro18@gmail.com
Mon Jul 29 2024 19:34:40 GMT-0300 (Brasilia Standard Time): WARN - Invalid coordinator Email on request at CreateCourseController by User: henriquepinheiro18@gmail.com
Mon Jul 29 2024 19:36:50 GMT-0300 (Brasilia Standard Time): WARN - Invalid coordinator Email on request at CreateCourseController by User: henriquepinheiro18@gmail.com
Mon Jul 29 2024 19:37:09 GMT-0300 (Brasilia Standard Time): WARN - Invalid coordinator Email on request at CreateCourseController by User: henriquepinheiro18@gmail.com
Mon Jul 29 2024 19:37:23 GMT-0300 (Brasilia Standard Time): WARN - Invalid coordinator Email on request at CreateCourseController by User: henriquepinheiro18@gmail.com
Mon Jul 29 2024 19:38:27 GMT-0300 (Brasilia Standard Time): INFO - Course Created [object Object] by User: henriquepinheiro18@gmail.com
Mon Jul 29 2024 19:39:50 GMT-0300 (Brasilia Standard Time): INFO - Course Created [object Object] by User: henriquepinheiro18@gmail.com
Mon Jul 29 2024 19:42:19 GMT-0300 (Brasilia Standard Time): INFO - Course Created [object Object] by User: henriquepinheiro18@gmail.com
Wed Jul 31 2024 19:41:30 GMT-0300 (Brasilia Standard Time): INFO - Course Created [object Object] by User: henriquepinheiro18@gmail.com
Fri Aug 02 2024 11:01:33 GMT-0300 (Brasilia Standard Time): INFO - Course Created [object Object] by User: henriquepinheiro18@gmail.com
Fri Aug 02 2024 11:01:34 GMT-0300 (Brasilia Standard Time): INFO - Course Created [object Object] by User: henriquepinheiro18@gmail.com
Fri Aug 02 2024 11:01:34 GMT-0300 (Brasilia Standard Time): INFO - Course Created [object Object] by User: henriquepinheiro18@gmail.com
Fri Aug 02 2024 11:01:34 GMT-0300 (Brasilia Standard Time): INFO - Course Created [object Object] by User: henriquepinheiro18@gmail.com
Fri Aug 02 2024 11:01:34 GMT-0300 (Brasilia Standard Time): INFO - Course Created [object Object] by User: henriquepinheiro18@gmail.com
Fri Aug 02 2024 11:01:34 GMT-0300 (Brasilia Standard Time): INFO - Course Created [object Object] by User: henriquepinheiro18@gmail.com
Fri Aug 02 2024 11:01:36 GMT-0300 (Brasilia Standard Time): INFO - Course Created [object Object] by User: henriquepinheiro18@gmail.com
Fri Aug 02 2024 11:01:36 GMT-0300 (Brasilia Standard Time): INFO - Course Created [object Object] by User: henriquepinheiro18@gmail.com
Fri Aug 02 2024 11:01:36 GMT-0300 (Brasilia Standard Time): INFO - Course Created [object Object] by User: henriquepinheiro18@gmail.com
Fri Aug 02 2024 11:02:18 GMT-0300 (Brasilia Standard Time): INFO - Course Created [object Object] by User: henriquepinheiro18@gmail.com
Fri Aug 02 2024 11:10:55 GMT-0300 (Brasilia Standard Time): INFO - Course Created [object Object] by User: henriquepinheiro18@gmail.com
Fri Aug 02 2024 11:11:05 GMT-0300 (Brasilia Standard Time): INFO - Course Created [object Object] by User: henriquepinheiro18@gmail.com
Fri Aug 02 2024 11:11:07 GMT-0300 (Brasilia Standard Time): INFO - Course Created [object Object] by User: henriquepinheiro18@gmail.com
Sat Aug 03 2024 10:41:31 GMT-0300 (Brasilia Standard Time): INFO - Course Created [object Object] by User: henriquepinheiro18@gmail.com
Sat Aug 03 2024 10:41:35 GMT-0300 (Brasilia Standard Time): INFO - Course Created [object Object] by User: henriquepinheiro18@gmail.com
Sat Aug 03 2024 10:45:42 GMT-0300 (Brasilia Standard Time): INFO - Course Created [object Object] by User: henriquepinheiro18@gmail.com
Sat Aug 03 2024 13:39:37 GMT-0300 (Brasilia Standard Time): INFO - Course Created [object Object] by User: henriquepinheiro18@gmail.com
Sat Aug 03 2024 14:34:22 GMT-0300 (Brasilia Standard Time): INFO - Course Created [object Object] by User: henriquepinheiro18@gmail.com
Sat Aug 03 2024 14:38:44 GMT-0300 (Brasilia Standard Time): INFO - Course Created [object Object] by User: henriquepinheiro18@gmail.com
Sat Aug 03 2024 14:38:59 GMT-0300 (Brasilia Standard Time): INFO - Course Created [object Object] by User: henriquepinheiro18@gmail.com
