8/17/2024, 2:49:33 PM: INFO - Status retornados com sucesso. por User: undefined
8/17/2024, 2:49:33 PM: INFO - Status retornados com sucesso. por User: undefined
8/17/2024, 2:49:39 PM: INFO - Status retornados com sucesso. por User: undefined
8/17/2024, 2:49:39 PM: INFO - Status retornados com sucesso. por User: undefined
8/17/2024, 2:50:29 PM: INFO - Status retornados com sucesso. por User: undefined
8/17/2024, 2:50:29 PM: INFO - Status retornados com sucesso. por User: undefined
8/17/2024, 2:50:34 PM: INFO - Status retornados com sucesso. por User: undefined
8/17/2024, 2:50:34 PM: INFO - Status retornados com sucesso. por User: undefined
8/17/2024, 2:51:10 PM: INFO - Status retornados com sucesso. por User: undefined
8/17/2024, 2:51:10 PM: INFO - Status retornados com sucesso. por User: undefined
8/17/2024, 2:51:13 PM: INFO - Status retornados com sucesso. por User: undefined
8/17/2024, 2:51:13 PM: INFO - Status retornados com sucesso. por User: undefined
8/17/2024, 2:52:24 PM: INFO - Status retornados com sucesso. por User: undefined
8/17/2024, 2:52:24 PM: INFO - Status retornados com sucesso. por User: undefined
8/17/2024, 2:52:58 PM: INFO - Status retornados com sucesso. por User: undefined
8/17/2024, 2:52:58 PM: INFO - Status retornados com sucesso. por User: undefined
8/17/2024, 2:53:02 PM: INFO - Status retornados com sucesso. por User: undefined
8/17/2024, 2:53:02 PM: INFO - Status retornados com sucesso. por User: undefined
8/17/2024, 2:53:48 PM: INFO - Status retornados com sucesso. por User: undefined
8/17/2024, 2:53:48 PM: INFO - Status retornados com sucesso. por User: undefined
8/17/2024, 2:53:52 PM: INFO - Status retornados com sucesso. por User: undefined
8/17/2024, 2:53:52 PM: INFO - Status retornados com sucesso. por User: undefined
8/17/2024, 2:54:32 PM: INFO - Status retornados com sucesso. por User: undefined
8/17/2024, 2:54:32 PM: INFO - Status retornados com sucesso. por User: undefined
8/17/2024, 2:54:37 PM: INFO - Status retornados com sucesso. por User: undefined
8/17/2024, 2:54:37 PM: INFO - Status retornados com sucesso. por User: undefined
8/17/2024, 2:54:41 PM: INFO - Status retornados com sucesso. por User: undefined
8/17/2024, 2:54:41 PM: INFO - Status retornados com sucesso. por User: undefined
8/17/2024, 2:55:02 PM: INFO - Status retornados com sucesso. por User: undefined
8/17/2024, 2:55:29 PM: INFO - Status retornados com sucesso. por User: undefined
8/17/2024, 2:55:35 PM: INFO - Status retornados com sucesso. por User: undefined
8/17/2024, 2:55:54 PM: INFO - Status retornados com sucesso. por User: undefined
8/17/2024, 2:56:14 PM: INFO - Status retornados com sucesso. por User: undefined
8/17/2024, 2:56:21 PM: INFO - Status retornados com sucesso. por User: undefined
8/17/2024, 2:56:24 PM: INFO - Status retornados com sucesso. por User: undefined
8/17/2024, 2:56:28 PM: INFO - Status retornados com sucesso. por User: undefined
8/17/2024, 2:56:28 PM: INFO - Status retornados com sucesso. por User: undefined
8/17/2024, 2:56:34 PM: INFO - Status retornados com sucesso. por User: undefined
8/17/2024, 2:56:36 PM: INFO - Status retornados com sucesso. por User: undefined
8/17/2024, 2:56:42 PM: INFO - Status retornados com sucesso. por User: undefined
8/17/2024, 2:56:50 PM: INFO - Status retornados com sucesso. por User: undefined
8/17/2024, 2:56:52 PM: INFO - Status retornados com sucesso. por User: undefined
8/17/2024, 2:56:52 PM: INFO - Status retornados com sucesso. por User: undefined
8/17/2024, 2:56:56 PM: INFO - Status retornados com sucesso. por User: undefined
8/17/2024, 2:56:56 PM: INFO - Status retornados com sucesso. por User: undefined
8/17/2024, 2:57:27 PM: INFO - Status retornados com sucesso. por User: undefined
8/17/2024, 2:57:27 PM: INFO - Status retornados com sucesso. por User: undefined
8/17/2024, 2:58:04 PM: INFO - Status retornados com sucesso. por User: undefined
8/17/2024, 2:58:07 PM: INFO - Status retornados com sucesso. por User: undefined
8/17/2024, 2:58:10 PM: INFO - Status retornados com sucesso. por User: undefined
8/17/2024, 2:58:10 PM: INFO - Status retornados com sucesso. por User: undefined
8/17/2024, 2:58:42 PM: INFO - Status retornados com sucesso. por User: undefined
8/17/2024, 2:59:23 PM: INFO - Status retornados com sucesso. por User: undefined
8/17/2024, 2:59:30 PM: INFO - Status retornados com sucesso. por User: undefined
8/17/2024, 2:59:30 PM: INFO - Status retornados com sucesso. por User: undefined
8/17/2024, 2:59:47 PM: INFO - Status retornados com sucesso. por User: undefined
8/17/2024, 3:00:16 PM: INFO - Status retornados com sucesso. por User: undefined
8/17/2024, 3:00:24 PM: INFO - Status retornados com sucesso. por User: undefined
8/17/2024, 3:00:29 PM: INFO - Status retornados com sucesso. por User: undefined
8/17/2024, 3:00:32 PM: INFO - Status retornados com sucesso. por User: undefined
8/17/2024, 3:00:38 PM: INFO - Status retornados com sucesso. por User: undefined
8/17/2024, 3:00:39 PM: INFO - Status retornados com sucesso. por User: undefined
8/17/2024, 3:00:44 PM: INFO - Status retornados com sucesso. por User: undefined
8/17/2024, 3:00:48 PM: INFO - Status retornados com sucesso. por User: undefined
8/17/2024, 3:00:54 PM: INFO - Status retornados com sucesso. por User: undefined
8/17/2024, 3:01:27 PM: INFO - Status retornados com sucesso. por User: undefined
8/17/2024, 3:01:27 PM: INFO - Status retornados com sucesso. por User: undefined
8/17/2024, 3:01:49 PM: INFO - Status retornados com sucesso. por User: undefined
8/17/2024, 3:01:55 PM: INFO - Status retornados com sucesso. por User: undefined
8/17/2024, 3:01:58 PM: INFO - Status retornados com sucesso. por User: undefined
8/17/2024, 3:01:59 PM: INFO - Status retornados com sucesso. por User: undefined
8/17/2024, 3:02:03 PM: INFO - Status retornados com sucesso. por User: undefined
8/17/2024, 3:02:05 PM: INFO - Status retornados com sucesso. por User: undefined
8/17/2024, 3:02:09 PM: INFO - Status retornados com sucesso. por User: undefined
8/17/2024, 3:02:14 PM: INFO - Status retornados com sucesso. por User: undefined
8/17/2024, 3:02:31 PM: INFO - Status retornados com sucesso. por User: undefined
8/17/2024, 3:02:37 PM: INFO - Status retornados com sucesso. por User: undefined
8/17/2024, 3:02:38 PM: INFO - Status retornados com sucesso. por User: undefined
8/17/2024, 3:02:44 PM: INFO - Status retornados com sucesso. por User: undefined
8/17/2024, 3:02:45 PM: INFO - Status retornados com sucesso. por User: undefined
8/17/2024, 3:02:53 PM: INFO - Status retornados com sucesso. por User: undefined
8/17/2024, 3:02:56 PM: INFO - Status retornados com sucesso. por User: undefined
8/17/2024, 3:02:58 PM: INFO - Status retornados com sucesso. por User: undefined
8/17/2024, 3:03:00 PM: INFO - Status retornados com sucesso. por User: undefined
8/17/2024, 3:03:07 PM: INFO - Status retornados com sucesso. por User: undefined
8/17/2024, 3:05:01 PM: INFO - Status retornados com sucesso. por User: undefined
8/17/2024, 3:05:01 PM: INFO - Status retornados com sucesso. por User: undefined
8/17/2024, 3:05:22 PM: INFO - Status retornados com sucesso. por User: undefined
8/17/2024, 3:05:22 PM: INFO - Status retornados com sucesso. por User: undefined
18/08/2024, 09:25:36: INFO - Status retornados com sucesso. por User: undefined
18/08/2024, 09:25:36: INFO - Status retornados com sucesso. por User: undefined
18/08/2024, 09:26:54: INFO - Status retornados com sucesso. por User: undefined
18/08/2024, 09:26:54: INFO - Status retornados com sucesso. por User: undefined
18/08/2024, 09:28:00: INFO - Status retornados com sucesso. por User: undefined
18/08/2024, 09:28:00: INFO - Status retornados com sucesso. por User: undefined
18/08/2024, 09:28:42: INFO - Status retornados com sucesso. por User: undefined
18/08/2024, 09:29:00: INFO - Status retornados com sucesso. por User: undefined
18/08/2024, 09:29:13: INFO - Status retornados com sucesso. por User: undefined
18/08/2024, 09:29:15: INFO - Status retornados com sucesso. por User: undefined
18/08/2024, 09:29:17: INFO - Status retornados com sucesso. por User: undefined
18/08/2024, 09:29:18: INFO - Status retornados com sucesso. por User: undefined
18/08/2024, 09:29:22: INFO - Status retornados com sucesso. por User: undefined
18/08/2024, 09:29:28: INFO - Status retornados com sucesso. por User: undefined
18/08/2024, 09:29:35: INFO - Status retornados com sucesso. por User: undefined
18/08/2024, 09:29:38: INFO - Status retornados com sucesso. por User: undefined
18/08/2024, 09:29:41: INFO - Status retornados com sucesso. por User: undefined
18/08/2024, 09:29:47: INFO - Status retornados com sucesso. por User: undefined
18/08/2024, 09:29:57: INFO - Status retornados com sucesso. por User: undefined
18/08/2024, 09:29:59: INFO - Status retornados com sucesso. por User: undefined
18/08/2024, 09:33:15: INFO - Status retornados com sucesso. por User: undefined
18/08/2024, 09:33:27: INFO - Status retornados com sucesso. por User: undefined
18/08/2024, 09:33:32: INFO - Status retornados com sucesso. por User: undefined
18/08/2024, 09:33:41: INFO - Status retornados com sucesso. por User: undefined
18/08/2024, 09:33:43: INFO - Status retornados com sucesso. por User: undefined
18/08/2024, 09:34:13: INFO - Status retornados com sucesso. por User: undefined
18/08/2024, 09:34:15: INFO - Status retornados com sucesso. por User: undefined
18/08/2024, 09:34:18: INFO - Status retornados com sucesso. por User: undefined
18/08/2024, 09:34:35: INFO - Status retornados com sucesso. por User: undefined
18/08/2024, 09:34:38: INFO - Status retornados com sucesso. por User: undefined
18/08/2024, 09:35:17: INFO - Status retornados com sucesso. por User: undefined
18/08/2024, 09:35:17: INFO - Status retornados com sucesso. por User: undefined
18/08/2024, 09:40:44: INFO - Status retornados com sucesso. por User: undefined
18/08/2024, 09:40:44: INFO - Status retornados com sucesso. por User: undefined
18/08/2024, 09:40:48: INFO - Status retornados com sucesso. por User: undefined
18/08/2024, 09:40:48: INFO - Status retornados com sucesso. por User: undefined
18/08/2024, 09:45:18: INFO - Status retornados com sucesso. por User: undefined
18/08/2024, 09:45:18: INFO - Status retornados com sucesso. por User: undefined
18/08/2024, 09:45:26: INFO - Status retornados com sucesso. por User: undefined
18/08/2024, 09:45:26: INFO - Status retornados com sucesso. por User: undefined
18/08/2024, 09:45:30: INFO - Status retornados com sucesso. por User: undefined
18/08/2024, 09:45:31: INFO - Status retornados com sucesso. por User: undefined
18/08/2024, 09:45:31: INFO - Status retornados com sucesso. por User: undefined
18/08/2024, 09:45:31: INFO - Status retornados com sucesso. por User: undefined
18/08/2024, 09:45:34: INFO - Status retornados com sucesso. por User: undefined
18/08/2024, 09:45:35: INFO - Status retornados com sucesso. por User: undefined
18/08/2024, 09:45:50: INFO - Status retornados com sucesso. por User: undefined
18/08/2024, 09:45:50: INFO - Status retornados com sucesso. por User: undefined
18/08/2024, 09:45:54: INFO - Status retornados com sucesso. por User: undefined
18/08/2024, 09:45:54: INFO - Status retornados com sucesso. por User: undefined
18/08/2024, 09:46:02: INFO - Status retornados com sucesso. por User: undefined
18/08/2024, 09:46:02: INFO - Status retornados com sucesso. por User: undefined
18/08/2024, 09:46:05: INFO - Status retornados com sucesso. por User: undefined
18/08/2024, 09:46:05: INFO - Status retornados com sucesso. por User: undefined
18/08/2024, 09:46:35: INFO - Status retornados com sucesso. por User: undefined
18/08/2024, 09:46:35: INFO - Status retornados com sucesso. por User: undefined
18/08/2024, 09:48:36: INFO - Status retornados com sucesso. por User: undefined
18/08/2024, 09:50:15: INFO - Status retornados com sucesso. por User: undefined
18/08/2024, 09:50:15: INFO - Status retornados com sucesso. por User: undefined
18/08/2024, 09:51:49: INFO - Status retornados com sucesso. por User: undefined
18/08/2024, 09:51:49: INFO - Status retornados com sucesso. por User: undefined
18/08/2024, 09:53:45: INFO - Status retornados com sucesso. por User: undefined
18/08/2024, 09:53:48: INFO - Status retornados com sucesso. por User: undefined
18/08/2024, 09:53:49: INFO - Status retornados com sucesso. por User: undefined
18/08/2024, 09:53:56: INFO - Status retornados com sucesso. por User: undefined
18/08/2024, 09:53:58: INFO - Status retornados com sucesso. por User: undefined
18/08/2024, 09:54:01: INFO - Status retornados com sucesso. por User: undefined
18/08/2024, 09:54:19: INFO - Status retornados com sucesso. por User: undefined
18/08/2024, 09:54:19: INFO - Status retornados com sucesso. por User: undefined
18/08/2024, 09:54:39: INFO - Status retornados com sucesso. por User: undefined
18/08/2024, 09:54:39: INFO - Status retornados com sucesso. por User: undefined
18/08/2024, 09:54:44: INFO - Status retornados com sucesso. por User: undefined
18/08/2024, 09:54:44: INFO - Status retornados com sucesso. por User: undefined
18/08/2024, 09:54:51: INFO - Status retornados com sucesso. por User: undefined
18/08/2024, 09:54:51: INFO - Status retornados com sucesso. por User: undefined
18/08/2024, 09:55:01: INFO - Status retornados com sucesso. por User: undefined
18/08/2024, 09:55:01: INFO - Status retornados com sucesso. por User: undefined
18/08/2024, 09:56:09: INFO - Status retornados com sucesso. por User: undefined
18/08/2024, 09:56:09: INFO - Status retornados com sucesso. por User: undefined
18/08/2024, 09:57:51: INFO - Status retornados com sucesso. por User: undefined
18/08/2024, 09:57:51: INFO - Status retornados com sucesso. por User: undefined
18/08/2024, 09:58:49: INFO - Status retornados com sucesso. por User: undefined
18/08/2024, 09:58:49: INFO - Status retornados com sucesso. por User: undefined
18/08/2024, 10:01:00: INFO - Status retornados com sucesso. por User: undefined
18/08/2024, 10:01:00: INFO - Status retornados com sucesso. por User: undefined
18/08/2024, 10:01:39: INFO - Status retornados com sucesso. por User: undefined
18/08/2024, 10:01:39: INFO - Status retornados com sucesso. por User: undefined
18/08/2024, 10:03:37: INFO - Status retornados com sucesso. por User: undefined
18/08/2024, 10:03:37: INFO - Status retornados com sucesso. por User: undefined
18/08/2024, 10:06:55: INFO - Status retornados com sucesso. por User: undefined
18/08/2024, 10:06:56: INFO - Status retornados com sucesso. por User: undefined
18/08/2024, 10:08:48: INFO - Status retornados com sucesso. por User: undefined
18/08/2024, 10:08:49: INFO - Status retornados com sucesso. por User: undefined
18/08/2024, 10:08:53: INFO - Status retornados com sucesso. por User: undefined
18/08/2024, 10:09:26: INFO - Status retornados com sucesso. por User: undefined
18/08/2024, 10:09:26: INFO - Status retornados com sucesso. por User: undefined
18/08/2024, 10:10:51: INFO - Status retornados com sucesso. por User: undefined
18/08/2024, 10:10:51: INFO - Status retornados com sucesso. por User: undefined
18/08/2024, 10:23:04: INFO - Status retornados com sucesso. por User: undefined
18/08/2024, 10:23:04: INFO - Status retornados com sucesso. por User: undefined
18/08/2024, 10:24:02: INFO - Status retornados com sucesso. por User: undefined
18/08/2024, 10:24:02: INFO - Status retornados com sucesso. por User: undefined
18/08/2024, 10:24:03: INFO - Status retornados com sucesso. por User: undefined
18/08/2024, 10:24:03: INFO - Status retornados com sucesso. por User: undefined
18/08/2024, 10:25:02: INFO - Status retornados com sucesso. por User: undefined
18/08/2024, 10:25:05: INFO - Status retornados com sucesso. por User: undefined
18/08/2024, 10:25:16: INFO - Status retornados com sucesso. por User: undefined
18/08/2024, 10:25:18: INFO - Status retornados com sucesso. por User: undefined
18/08/2024, 10:25:20: INFO - Status retornados com sucesso. por User: undefined
18/08/2024, 10:25:26: INFO - Status retornados com sucesso. por User: undefined
18/08/2024, 10:25:28: INFO - Status retornados com sucesso. por User: undefined
18/08/2024, 10:25:29: INFO - Status retornados com sucesso. por User: undefined
18/08/2024, 10:26:17: INFO - Status retornados com sucesso. por User: undefined
18/08/2024, 10:26:17: INFO - Status retornados com sucesso. por User: undefined
18/08/2024, 10:26:25: INFO - Status retornados com sucesso. por User: undefined
18/08/2024, 10:26:32: INFO - Status retornados com sucesso. por User: undefined
18/08/2024, 10:26:33: INFO - Status retornados com sucesso. por User: undefined
18/08/2024, 10:26:35: INFO - Status retornados com sucesso. por User: undefined
18/08/2024, 10:26:35: INFO - Status retornados com sucesso. por User: undefined
18/08/2024, 10:26:48: INFO - Status retornados com sucesso. por User: undefined
18/08/2024, 10:26:50: INFO - Status retornados com sucesso. por User: undefined
18/08/2024, 10:27:03: INFO - Status retornados com sucesso. por User: undefined
18/08/2024, 10:27:05: INFO - Status retornados com sucesso. por User: undefined
18/08/2024, 10:27:09: INFO - Status retornados com sucesso. por User: undefined
18/08/2024, 10:28:09: INFO - Status retornados com sucesso. por User: undefined
18/08/2024, 10:28:13: INFO - Status retornados com sucesso. por User: undefined
18/08/2024, 10:28:13: INFO - Status retornados com sucesso. por User: undefined
18/08/2024, 10:28:23: INFO - Status retornados com sucesso. por User: undefined
18/08/2024, 10:28:28: INFO - Status retornados com sucesso. por User: undefined
18/08/2024, 11:00:48: INFO - Status retornados com sucesso. por User: undefined
18/08/2024, 11:01:19: INFO - Status retornados com sucesso. por User: undefined
18/08/2024, 11:01:19: INFO - Status retornados com sucesso. por User: undefined
18/08/2024, 11:01:30: INFO - Status retornados com sucesso. por User: undefined
18/08/2024, 11:01:34: INFO - Status retornados com sucesso. por User: undefined
18/08/2024, 11:01:36: INFO - Status retornados com sucesso. por User: undefined
18/08/2024, 11:01:40: INFO - Status retornados com sucesso. por User: undefined
18/08/2024, 11:01:47: INFO - Status retornados com sucesso. por User: undefined
18/08/2024, 11:01:49: INFO - Status retornados com sucesso. por User: undefined
18/08/2024, 11:01:50: INFO - Status retornados com sucesso. por User: undefined
18/08/2024, 11:01:51: INFO - Status retornados com sucesso. por User: undefined
18/08/2024, 11:01:53: INFO - Status retornados com sucesso. por User: undefined
18/08/2024, 11:01:55: INFO - Status retornados com sucesso. por User: undefined
18/08/2024, 11:01:58: INFO - Status retornados com sucesso. por User: undefined
18/08/2024, 11:01:58: INFO - Status retornados com sucesso. por User: undefined
18/08/2024, 11:01:59: INFO - Status retornados com sucesso. por User: undefined
18/08/2024, 11:02:01: INFO - Status retornados com sucesso. por User: undefined
18/08/2024, 13:42:27: INFO - Status retornados com sucesso. por User: undefined
18/08/2024, 13:42:27: INFO - Status retornados com sucesso. por User: undefined
18/08/2024, 13:42:31: INFO - Status retornados com sucesso. por User: undefined
18/08/2024, 13:42:31: INFO - Status retornados com sucesso. por User: undefined
18/08/2024, 13:43:21: INFO - Status retornados com sucesso. por User: undefined
18/08/2024, 13:43:21: INFO - Status retornados com sucesso. por User: undefined
18/08/2024, 13:45:00: INFO - Status retornados com sucesso. por User: undefined
18/08/2024, 13:45:44: INFO - Status retornados com sucesso. por User: undefined
18/08/2024, 13:45:46: INFO - Status retornados com sucesso. por User: undefined
18/08/2024, 13:45:51: INFO - Status retornados com sucesso. por User: undefined
18/08/2024, 13:45:58: INFO - Status retornados com sucesso. por User: undefined
18/08/2024, 14:00:11: INFO - Status retornados com sucesso. por User: undefined
18/08/2024, 14:00:12: INFO - Status retornados com sucesso. por User: undefined
18/08/2024, 14:01:12: INFO - Status retornados com sucesso. por User: undefined
18/08/2024, 14:01:16: INFO - Status retornados com sucesso. por User: undefined
18/08/2024, 14:01:25: INFO - Status retornados com sucesso. por User: undefined
18/08/2024, 14:01:47: INFO - Status retornados com sucesso. por User: undefined
18/08/2024, 14:01:54: INFO - Status retornados com sucesso. por User: undefined
18/08/2024, 14:07:21: INFO - Status retornados com sucesso. por User: undefined
18/08/2024, 14:07:23: INFO - Status retornados com sucesso. por User: undefined
18/08/2024, 14:08:53: INFO - Status retornados com sucesso. por User: undefined
18/08/2024, 14:09:09: INFO - Status retornados com sucesso. por User: undefined
18/08/2024, 14:09:11: INFO - Status retornados com sucesso. por User: undefined
18/08/2024, 14:09:12: INFO - Status retornados com sucesso. por User: undefined
18/08/2024, 14:09:15: INFO - Status retornados com sucesso. por User: undefined
18/08/2024, 14:09:15: INFO - Status retornados com sucesso. por User: undefined
18/08/2024, 14:12:03: INFO - Status retornados com sucesso. por User: undefined
18/08/2024, 14:12:03: INFO - Status retornados com sucesso. por User: undefined
18/08/2024, 14:15:07: INFO - Status retornados com sucesso. por User: undefined
18/08/2024, 14:15:07: INFO - Status retornados com sucesso. por User: undefined
18/08/2024, 14:15:58: INFO - Status retornados com sucesso. por User: undefined
18/08/2024, 14:15:58: INFO - Status retornados com sucesso. por User: undefined
18/08/2024, 14:16:10: INFO - Status retornados com sucesso. por User: undefined
18/08/2024, 14:16:10: INFO - Status retornados com sucesso. por User: undefined
18/08/2024, 14:18:35: INFO - Status retornados com sucesso. por User: undefined
18/08/2024, 14:18:35: INFO - Status retornados com sucesso. por User: undefined
18/08/2024, 14:20:18: INFO - Status retornados com sucesso. por User: undefined
18/08/2024, 14:20:18: INFO - Status retornados com sucesso. por User: undefined
18/08/2024, 14:22:12: INFO - Status retornados com sucesso. por User: undefined
18/08/2024, 14:22:13: INFO - Status retornados com sucesso. por User: undefined
18/08/2024, 14:22:44: INFO - Status retornados com sucesso. por User: undefined
18/08/2024, 14:22:44: INFO - Status retornados com sucesso. por User: undefined
18/08/2024, 14:22:53: INFO - Status retornados com sucesso. por User: undefined
18/08/2024, 14:22:53: INFO - Status retornados com sucesso. por User: undefined
18/08/2024, 14:23:46: INFO - Status retornados com sucesso. por User: undefined
18/08/2024, 14:23:46: INFO - Status retornados com sucesso. por User: undefined
18/08/2024, 14:23:57: INFO - Status retornados com sucesso. por User: undefined
18/08/2024, 14:23:57: INFO - Status retornados com sucesso. por User: undefined
18/08/2024, 14:27:54: INFO - Status retornados com sucesso. por User: undefined
18/08/2024, 14:27:54: INFO - Status retornados com sucesso. por User: undefined
18/08/2024, 14:40:43: INFO - Status retornados com sucesso. por User: undefined
18/08/2024, 14:40:43: INFO - Status retornados com sucesso. por User: undefined
18/08/2024, 14:40:45: INFO - Status retornados com sucesso. por User: undefined
18/08/2024, 14:40:45: INFO - Status retornados com sucesso. por User: undefined
18/08/2024, 14:40:48: INFO - Status retornados com sucesso. por User: undefined
18/08/2024, 14:40:48: INFO - Status retornados com sucesso. por User: undefined
18/08/2024, 14:44:48: INFO - Status retornados com sucesso. por User: undefined
18/08/2024, 14:44:48: INFO - Status retornados com sucesso. por User: undefined
18/08/2024, 14:44:52: INFO - Status retornados com sucesso. por User: undefined
18/08/2024, 14:44:52: INFO - Status retornados com sucesso. por User: undefined
18/08/2024, 14:55:56: INFO - Status retornados com sucesso. por User: undefined
18/08/2024, 14:55:56: INFO - Status retornados com sucesso. por User: undefined
18/08/2024, 15:01:26: INFO - Status retornados com sucesso. por User: undefined
18/08/2024, 15:01:26: INFO - Status retornados com sucesso. por User: undefined
18/08/2024, 15:01:27: INFO - Status retornados com sucesso. por User: undefined
18/08/2024, 15:01:27: INFO - Status retornados com sucesso. por User: undefined
18/08/2024, 15:01:34: INFO - Status retornados com sucesso. por User: undefined
18/08/2024, 15:01:34: INFO - Status retornados com sucesso. por User: undefined
18/08/2024, 15:01:41: INFO - Status retornados com sucesso. por User: undefined
18/08/2024, 15:01:41: INFO - Status retornados com sucesso. por User: undefined
18/08/2024, 15:01:44: INFO - Status retornados com sucesso. por User: undefined
18/08/2024, 15:01:44: INFO - Status retornados com sucesso. por User: undefined
18/08/2024, 15:02:14: INFO - Status retornados com sucesso. por User: undefined
18/08/2024, 15:02:14: INFO - Status retornados com sucesso. por User: undefined
18/08/2024, 15:02:59: INFO - Status retornados com sucesso. por User: undefined
18/08/2024, 15:02:59: INFO - Status retornados com sucesso. por User: undefined
18/08/2024, 15:03:08: INFO - Status retornados com sucesso. por User: undefined
18/08/2024, 15:03:08: INFO - Status retornados com sucesso. por User: undefined
18/08/2024, 15:04:51: INFO - Status retornados com sucesso. por User: undefined
18/08/2024, 15:04:51: INFO - Status retornados com sucesso. por User: undefined
18/08/2024, 15:05:01: INFO - Status retornados com sucesso. por User: undefined
18/08/2024, 15:05:01: INFO - Status retornados com sucesso. por User: undefined
18/08/2024, 15:07:12: INFO - Status retornados com sucesso. por User: undefined
18/08/2024, 15:07:12: INFO - Status retornados com sucesso. por User: undefined
18/08/2024, 15:09:49: INFO - Status retornados com sucesso. por User: undefined
18/08/2024, 15:09:49: INFO - Status retornados com sucesso. por User: undefined
18/08/2024, 15:10:21: INFO - Status retornados com sucesso. por User: undefined
18/08/2024, 15:10:21: INFO - Status retornados com sucesso. por User: undefined
18/08/2024, 15:10:37: INFO - Status retornados com sucesso. por User: undefined
18/08/2024, 15:10:37: INFO - Status retornados com sucesso. por User: undefined
18/08/2024, 15:10:56: INFO - Status retornados com sucesso. por User: undefined
18/08/2024, 15:10:56: INFO - Status retornados com sucesso. por User: undefined
19/08/2024, 18:52:46: INFO - Status retornados com sucesso. por User: undefined
19/08/2024, 18:52:46: INFO - Status retornados com sucesso. por User: undefined
19/08/2024, 18:54:48: INFO - Status retornados com sucesso. por User: undefined
19/08/2024, 18:54:50: INFO - Status retornados com sucesso. por User: undefined
19/08/2024, 18:55:00: INFO - Status retornados com sucesso. por User: undefined
19/08/2024, 18:55:03: INFO - Status retornados com sucesso. por User: undefined
19/08/2024, 18:56:10: INFO - Status retornados com sucesso. por User: undefined
19/08/2024, 18:56:10: INFO - Status retornados com sucesso. por User: undefined
19/08/2024, 18:58:03: INFO - Status retornados com sucesso. por User: undefined
19/08/2024, 18:58:17: INFO - Status retornados com sucesso. por User: undefined
19/08/2024, 18:58:17: INFO - Status retornados com sucesso. por User: undefined
19/08/2024, 18:59:36: INFO - Status retornados com sucesso. por User: undefined
19/08/2024, 18:59:36: INFO - Status retornados com sucesso. por User: undefined
19/08/2024, 19:14:42: INFO - Status retornados com sucesso. por User: undefined
19/08/2024, 19:14:42: INFO - Status retornados com sucesso. por User: undefined
19/08/2024, 19:18:23: INFO - Status retornados com sucesso. por User: undefined
19/08/2024, 19:18:36: INFO - Status retornados com sucesso. por User: undefined
19/08/2024, 19:18:36: INFO - Status retornados com sucesso. por User: undefined
19/08/2024, 19:19:37: INFO - Status retornados com sucesso. por User: undefined
19/08/2024, 19:19:37: INFO - Status retornados com sucesso. por User: undefined
19/08/2024, 19:19:54: INFO - Status retornados com sucesso. por User: undefined
19/08/2024, 19:19:55: INFO - Status retornados com sucesso. por User: undefined
19/08/2024, 19:20:29: ERROR - Erro ao criar Evento - Error: event.getEventEndDate(...).getTime is not a function em CreateEventController por User: henriquepinheiro18@gmail.com
19/08/2024, 19:23:19: ERROR - Erro ao criar Evento - Error: Cannot read properties of undefined (reading 'eventId') em CreateEventController por User: henriquepinheiro18@gmail.com
19/08/2024, 19:40:46: ERROR - Erro ao criar Evento - Error: Cannot read properties of undefined (reading 'eventId') em CreateEventController por User: henriquepinheiro18@gmail.com
19/08/2024, 19:47:07: ERROR - Erro ao criar Evento - Error: 
Invalid `prismaClient.event.create()` invocation in
/home/henrique/Desktop/TC01-Dev/TC02-API/src/repository/implementation/EventRepository.ts:18:32

  15 ): Promise<Event | undefined> => {
  16 	try {
  17 		const result = await this.prismaClient.$transaction(async (prismaClient) => {
→ 18 			const createdEvent = await prismaClient.event.create({
       data: {
         eventTitle: "Teste",
         eventEndDate: "2024-08-29T19:20",
                       ~~~~~~~~~~~~~~~~~~
         eventStartDate: "2024-08-20T19:19",
         eventStatus: "NAO_INICIADO"
       }
     })

Invalid value for argument `eventEndDate`: premature end of input. Expected ISO-8601 DateTime. em CreateEventController por User: henriquepinheiro18@gmail.com
19/08/2024, 19:50:13: ERROR - Erro ao criar Evento - Error: 
Invalid `prismaClient.event.create()` invocation in
/home/henrique/Desktop/TC01-Dev/TC02-API/src/repository/implementation/EventRepository.ts:19:32

  16 try {
  17 	console.log(event.getEventEndDate());
  18 	const result = await this.prismaClient.$transaction(async (prismaClient) => {
→ 19 		const createdEvent = await prismaClient.event.create({
       data: {
         eventTitle: "Teste",
         eventEndDate: "2024-08-29T19:20",
                       ~~~~~~~~~~~~~~~~~~
         eventStartDate: "2024-08-20T19:19",
         eventStatus: "NAO_INICIADO"
       }
     })

Invalid value for argument `eventEndDate`: premature end of input. Expected ISO-8601 DateTime. em CreateEventController por User: henriquepinheiro18@gmail.com
19/08/2024, 19:50:15: ERROR - Erro ao criar Evento - Error: 
Invalid `prismaClient.event.create()` invocation in
/home/henrique/Desktop/TC01-Dev/TC02-API/src/repository/implementation/EventRepository.ts:19:32

  16 try {
  17 	console.log(event.getEventEndDate());
  18 	const result = await this.prismaClient.$transaction(async (prismaClient) => {
→ 19 		const createdEvent = await prismaClient.event.create({
       data: {
         eventTitle: "Teste",
         eventEndDate: "2024-08-29T19:20",
                       ~~~~~~~~~~~~~~~~~~
         eventStartDate: "2024-08-20T19:19",
         eventStatus: "NAO_INICIADO"
       }
     })

Invalid value for argument `eventEndDate`: premature end of input. Expected ISO-8601 DateTime. em CreateEventController por User: henriquepinheiro18@gmail.com
19/08/2024, 19:50:25: INFO - Status retornados com sucesso. por User: undefined
19/08/2024, 19:50:25: INFO - Status retornados com sucesso. por User: undefined
19/08/2024, 19:50:55: ERROR - Erro ao criar Evento - Error: 
Invalid `prismaClient.event.create()` invocation in
/home/henrique/Desktop/TC01-Dev/TC02-API/src/repository/implementation/EventRepository.ts:19:32

  16 try {
  17 	console.log(event.getEventEndDate());
  18 	const result = await this.prismaClient.$transaction(async (prismaClient) => {
→ 19 		const createdEvent = await prismaClient.event.create({
       data: {
         eventTitle: "Teste",
         eventEndDate: "2024-08-29T19:50",
                       ~~~~~~~~~~~~~~~~~~
         eventStartDate: "2024-08-21T19:50",
         eventStatus: "NAO_INICIADO"
       }
     })

Invalid value for argument `eventEndDate`: premature end of input. Expected ISO-8601 DateTime. em CreateEventController por User: henriquepinheiro18@gmail.com
19/08/2024, 19:55:13: INFO - Status retornados com sucesso. por User: undefined
19/08/2024, 19:55:13: INFO - Status retornados com sucesso. por User: undefined
19/08/2024, 19:55:47: ERROR - Erro ao criar Evento - Error: 
Invalid `prismaClient.event.create()` invocation in
/home/henrique/Desktop/TC01-Dev/TC02-API/src/repository/implementation/EventRepository.ts:19:32

  16 try {
  17 	console.log(event.getEventEndDate());
  18 	const result = await this.prismaClient.$transaction(async (prismaClient) => {
→ 19 		const createdEvent = await prismaClient.event.create({
       data: {
         eventTitle: "Teste",
         eventEndDate: "2024-08-29T19:55",
                       ~~~~~~~~~~~~~~~~~~
         eventStartDate: "2024-08-20T19:55",
         eventStatus: "NAO_INICIADO"
       }
     })

Invalid value for argument `eventEndDate`: premature end of input. Expected ISO-8601 DateTime. em CreateEventController por User: henriquepinheiro18@gmail.com
19/08/2024, 20:07:27: INFO - Status retornados com sucesso. por User: undefined
19/08/2024, 20:08:59: INFO - Status retornados com sucesso. por User: undefined
19/08/2024, 20:08:59: INFO - Status retornados com sucesso. por User: undefined
19/08/2024, 20:21:40: ERROR - Erro ao criar Evento - Error: 
Invalid `prismaClient.event.create()` invocation in
/home/henrique/Desktop/TC01-Dev/TC02-API/src/repository/implementation/EventRepository.ts:19:32

  16 try {
  17 	console.log(event.getEventEndDate());
  18 	const result = await this.prismaClient.$transaction(async (prismaClient) => {
→ 19 		const createdEvent = await prismaClient.event.create({
       data: {
         eventTitle: "Teste",
         eventEndDate: "2024-09-07T20:09",
                       ~~~~~~~~~~~~~~~~~~
         eventStartDate: "2024-08-19T20:09",
         eventStatus: "NAO_INICIADO"
       }
     })

Invalid value for argument `eventEndDate`: premature end of input. Expected ISO-8601 DateTime. em CreateEventController por User: henriquepinheiro18@gmail.com
19/08/2024, 20:21:59: INFO - Status retornados com sucesso. por User: undefined
19/08/2024, 20:21:59: INFO - Status retornados com sucesso. por User: undefined
19/08/2024, 20:22:21: ERROR - Erro ao criar Evento - Error: 
Invalid `prismaClient.event.create()` invocation in
/home/henrique/Desktop/TC01-Dev/TC02-API/src/repository/implementation/EventRepository.ts:19:32

  16 try {
  17 	console.log(event.getEventEndDate());
  18 	const result = await this.prismaClient.$transaction(async (prismaClient) => {
→ 19 		const createdEvent = await prismaClient.event.create({
       data: {
         eventTitle: "Teste",
         eventEndDate: "2024-08-27T20:22",
                       ~~~~~~~~~~~~~~~~~~
         eventStartDate: "2024-08-18T20:22",
         eventStatus: "NAO_INICIADO"
       }
     })

Invalid value for argument `eventEndDate`: premature end of input. Expected ISO-8601 DateTime. em CreateEventController por User: henriquepinheiro18@gmail.com
19/08/2024, 20:25:32: INFO - Status retornados com sucesso. por User: undefined
19/08/2024, 20:25:39: INFO - Status retornados com sucesso. por User: undefined
19/08/2024, 20:26:27: INFO - Status retornados com sucesso. por User: undefined
19/08/2024, 20:26:28: INFO - Status retornados com sucesso. por User: undefined
19/08/2024, 20:26:29: INFO - Status retornados com sucesso. por User: undefined
19/08/2024, 20:26:40: INFO - Status retornados com sucesso. por User: undefined
19/08/2024, 20:28:19: INFO - Status retornados com sucesso. por User: undefined
19/08/2024, 20:28:28: INFO - Status retornados com sucesso. por User: undefined
19/08/2024, 20:28:33: INFO - Status retornados com sucesso. por User: undefined
19/08/2024, 20:28:35: INFO - Status retornados com sucesso. por User: undefined
19/08/2024, 20:28:43: INFO - Status retornados com sucesso. por User: undefined
19/08/2024, 20:28:47: INFO - Status retornados com sucesso. por User: undefined
19/08/2024, 20:28:49: INFO - Status retornados com sucesso. por User: undefined
19/08/2024, 20:28:49: INFO - Status retornados com sucesso. por User: undefined
19/08/2024, 20:31:12: INFO - Status retornados com sucesso. por User: undefined
19/08/2024, 20:31:21: INFO - Status retornados com sucesso. por User: undefined
19/08/2024, 20:32:45: INFO - Status retornados com sucesso. por User: undefined
19/08/2024, 20:32:49: INFO - Status retornados com sucesso. por User: undefined
19/08/2024, 20:32:57: INFO - Status retornados com sucesso. por User: undefined
19/08/2024, 20:32:59: INFO - Status retornados com sucesso. por User: undefined
19/08/2024, 20:33:01: INFO - Status retornados com sucesso. por User: undefined
19/08/2024, 20:37:49: INFO - Status retornados com sucesso. por User: undefined
19/08/2024, 20:37:49: INFO - Status retornados com sucesso. por User: undefined
19/08/2024, 20:38:08: INFO - Status retornados com sucesso. por User: undefined
19/08/2024, 20:38:10: INFO - Status retornados com sucesso. por User: undefined
19/08/2024, 20:38:11: INFO - Status retornados com sucesso. por User: undefined
19/08/2024, 20:38:21: INFO - Status retornados com sucesso. por User: undefined
19/08/2024, 20:38:24: INFO - Status retornados com sucesso. por User: undefined
19/08/2024, 20:38:26: INFO - Status retornados com sucesso. por User: undefined
19/08/2024, 20:38:35: INFO - Status retornados com sucesso. por User: undefined
19/08/2024, 20:38:38: INFO - Status retornados com sucesso. por User: undefined
19/08/2024, 20:38:47: INFO - Status retornados com sucesso. por User: undefined
19/08/2024, 20:40:00: INFO - Status retornados com sucesso. por User: undefined
19/08/2024, 20:40:27: INFO - Status retornados com sucesso. por User: undefined
19/08/2024, 20:40:34: INFO - Status retornados com sucesso. por User: undefined
19/08/2024, 20:40:41: INFO - Status retornados com sucesso. por User: undefined
19/08/2024, 20:40:42: INFO - Status retornados com sucesso. por User: undefined
19/08/2024, 20:40:45: INFO - Status retornados com sucesso. por User: undefined
19/08/2024, 20:40:49: INFO - Status retornados com sucesso. por User: undefined
19/08/2024, 20:41:07: INFO - Status retornados com sucesso. por User: undefined
19/08/2024, 20:41:07: INFO - Status retornados com sucesso. por User: undefined
19/08/2024, 20:41:27: ERROR - Erro ao criar Evento - Error: 
Invalid `prismaClient.eventActivity.createMany()` invocation in
/home/henrique/Desktop/TC01-Dev/TC02-API/src/repository/implementation/EventRepository.ts:28:38

  25 	},
  26 });
  27 
→ 28 await prismaClient.eventActivity.createMany({
       data: [
         {
           eventActivityTitle: undefined,
           eventActivityStartDate: "2024-08-27T20:41:00.000Z",
           eventActivityEndDate: new Date("2024-08-28T20:41:00.000Z"),
           eventActivityDescription: "Atividade de Teste",
           eventId: 1
         }
       ]
     })

Argument `eventActivityTitle` is missing. em CreateEventController por User: henriquepinheiro18@gmail.com
19/08/2024, 20:42:37: INFO - Status retornados com sucesso. por User: undefined
19/08/2024, 20:42:41: INFO - Status retornados com sucesso. por User: undefined
19/08/2024, 20:42:45: ERROR - Erro ao criar Evento - Error: 
Invalid `prismaClient.eventActivity.createMany()` invocation in
/home/henrique/Desktop/TC01-Dev/TC02-API/src/repository/implementation/EventRepository.ts:28:38

  25 	},
  26 });
  27 
→ 28 await prismaClient.eventActivity.createMany({
       data: [
         {
           eventActivityTitle: undefined,
           eventActivityStartDate: "2024-08-27T20:41:00.000Z",
           eventActivityEndDate: new Date("2024-08-28T20:41:00.000Z"),
           eventActivityDescription: "Atividade de Teste",
           eventId: 2
         }
       ]
     })

Argument `eventActivityTitle` is missing. em CreateEventController por User: henriquepinheiro18@gmail.com
19/08/2024, 20:43:32: ERROR - Erro ao criar Evento - Error: 
Invalid `prismaClient.eventActivity.createMany()` invocation in
/home/henrique/Desktop/TC01-Dev/TC02-API/src/repository/implementation/EventRepository.ts:28:38

  25 	},
  26 });
  27 
→ 28 await prismaClient.eventActivity.createMany({
       data: [
         {
           eventActivityTitle: undefined,
           eventActivityStartDate: "2024-08-27T20:41:00.000Z",
           eventActivityEndDate: new Date("2024-08-28T20:41:00.000Z"),
           eventActivityDescription: "Atividade de Teste",
           eventId: 3
         }
       ]
     })

Argument `eventActivityTitle` is missing. em CreateEventController por User: henriquepinheiro18@gmail.com
19/08/2024, 20:44:03: INFO - Status retornados com sucesso. por User: undefined
19/08/2024, 20:44:14: INFO - Status retornados com sucesso. por User: undefined
19/08/2024, 20:44:20: ERROR - Erro ao criar Evento - Error: 
Invalid `prismaClient.eventActivity.createMany()` invocation in
/home/henrique/Desktop/TC01-Dev/TC02-API/src/repository/implementation/EventRepository.ts:28:38

  25 	},
  26 });
  27 
→ 28 await prismaClient.eventActivity.createMany({
       data: [
         {
           eventActivityTitle: undefined,
           eventActivityStartDate: "2024-08-27T20:41:00.000Z",
           eventActivityEndDate: new Date("2024-08-28T20:41:00.000Z"),
           eventActivityDescription: "Atividade de Teste",
           eventId: 4
         }
       ]
     })

Argument `eventActivityTitle` is missing. em CreateEventController por User: henriquepinheiro18@gmail.com
19/08/2024, 20:44:22: ERROR - Erro ao criar Evento - Error: 
Invalid `prismaClient.eventActivity.createMany()` invocation in
/home/henrique/Desktop/TC01-Dev/TC02-API/src/repository/implementation/EventRepository.ts:28:38

  25 	},
  26 });
  27 
→ 28 await prismaClient.eventActivity.createMany({
       data: [
         {
           eventActivityTitle: undefined,
           eventActivityStartDate: "2024-08-27T20:41:00.000Z",
           eventActivityEndDate: new Date("2024-08-28T20:41:00.000Z"),
           eventActivityDescription: "Atividade de Teste",
           eventId: 5
         }
       ]
     })

Argument `eventActivityTitle` is missing. em CreateEventController por User: henriquepinheiro18@gmail.com
19/08/2024, 20:44:54: INFO - Status retornados com sucesso. por User: undefined
19/08/2024, 20:45:17: INFO - Status retornados com sucesso. por User: undefined
19/08/2024, 20:45:18: INFO - Status retornados com sucesso. por User: undefined
19/08/2024, 20:45:23: INFO - Status retornados com sucesso. por User: undefined
19/08/2024, 20:45:33: INFO - Status retornados com sucesso. por User: undefined
19/08/2024, 20:45:35: INFO - Status retornados com sucesso. por User: undefined
19/08/2024, 20:45:37: INFO - Status retornados com sucesso. por User: undefined
19/08/2024, 20:46:03: INFO - Status retornados com sucesso. por User: undefined
19/08/2024, 20:46:07: INFO - Status retornados com sucesso. por User: undefined
19/08/2024, 20:46:09: INFO - Status retornados com sucesso. por User: undefined
19/08/2024, 20:46:10: INFO - Status retornados com sucesso. por User: undefined
19/08/2024, 20:46:11: INFO - Status retornados com sucesso. por User: undefined
19/08/2024, 20:46:50: INFO - Status retornados com sucesso. por User: undefined
19/08/2024, 20:47:02: INFO - Status retornados com sucesso. por User: undefined
19/08/2024, 20:47:18: INFO - Status retornados com sucesso. por User: undefined
19/08/2024, 20:47:22: INFO - Status retornados com sucesso. por User: undefined
19/08/2024, 20:47:24: INFO - Status retornados com sucesso. por User: undefined
19/08/2024, 20:47:25: INFO - Status retornados com sucesso. por User: undefined
19/08/2024, 20:47:32: INFO - Status retornados com sucesso. por User: undefined
19/08/2024, 20:47:41: INFO - Status retornados com sucesso. por User: undefined
19/08/2024, 20:47:46: INFO - Status retornados com sucesso. por User: undefined
19/08/2024, 20:47:55: INFO - Status retornados com sucesso. por User: undefined
19/08/2024, 20:48:01: INFO - Status retornados com sucesso. por User: undefined
19/08/2024, 20:48:09: INFO - Status retornados com sucesso. por User: undefined
19/08/2024, 20:48:10: INFO - Status retornados com sucesso. por User: undefined
19/08/2024, 20:48:15: INFO - Status retornados com sucesso. por User: undefined
19/08/2024, 20:48:16: INFO - Status retornados com sucesso. por User: undefined
19/08/2024, 20:53:49: INFO - Status retornados com sucesso. por User: undefined
19/08/2024, 20:53:49: INFO - Status retornados com sucesso. por User: undefined
19/08/2024, 20:53:53: INFO - Status retornados com sucesso. por User: undefined
19/08/2024, 20:53:53: INFO - Status retornados com sucesso. por User: undefined
19/08/2024, 20:53:57: INFO - Status retornados com sucesso. por User: undefined
19/08/2024, 20:53:57: INFO - Status retornados com sucesso. por User: undefined
19/08/2024, 20:54:03: INFO - Status retornados com sucesso. por User: undefined
19/08/2024, 20:54:03: INFO - Status retornados com sucesso. por User: undefined
19/08/2024, 20:54:16: INFO - Status retornados com sucesso. por User: undefined
19/08/2024, 20:54:16: INFO - Status retornados com sucesso. por User: undefined
19/08/2024, 20:54:22: INFO - Status retornados com sucesso. por User: undefined
19/08/2024, 20:54:22: INFO - Status retornados com sucesso. por User: undefined
19/08/2024, 20:54:25: INFO - Status retornados com sucesso. por User: undefined
19/08/2024, 20:54:25: INFO - Status retornados com sucesso. por User: undefined
19/08/2024, 20:54:56: INFO - Status retornados com sucesso. por User: undefined
19/08/2024, 20:54:56: INFO - Status retornados com sucesso. por User: undefined
19/08/2024, 21:02:40: INFO - Status retornados com sucesso. por User: undefined
19/08/2024, 21:02:40: INFO - Status retornados com sucesso. por User: undefined
19/08/2024, 21:03:03: ERROR - Erro ao criar Evento - Error: 
Invalid `prismaClient.eventActivity.createMany()` invocation in
/home/henrique/Desktop/TC01-Dev/TC02-API/src/repository/implementation/EventRepository.ts:28:38

  25 	},
  26 });
  27 
→ 28 await prismaClient.eventActivity.createMany({
       data: [
         {
           eventActivityTitle: undefined,
           eventActivityStartDate: "2024-08-22T21:02:00.000Z",
           eventActivityEndDate: new Date("2024-08-25T21:02:00.000Z"),
           eventActivityDescription: "Atividade de Teste",
           eventId: 6
         }
       ]
     })

Argument `eventActivityTitle` is missing. em CreateEventController por User: henriquepinheiro18@gmail.com
19/08/2024, 21:04:22: INFO - Status retornados com sucesso. por User: undefined
19/08/2024, 21:04:22: INFO - Status retornados com sucesso. por User: undefined
19/08/2024, 21:04:24: INFO - Status retornados com sucesso. por User: undefined
19/08/2024, 21:04:32: INFO - Status retornados com sucesso. por User: undefined
19/08/2024, 21:04:36: INFO - Status retornados com sucesso. por User: undefined
19/08/2024, 21:05:09: ERROR - Erro ao criar Evento - Error: 
Invalid `prismaClient.eventActivity.createMany()` invocation in
/home/henrique/Desktop/TC01-Dev/TC02-API/src/repository/implementation/EventRepository.ts:28:38

  25 	},
  26 });
  27 
→ 28 await prismaClient.eventActivity.createMany({
       data: [
         {
           eventActivityTitle: undefined,
           eventActivityStartDate: "2024-08-26T21:04:00.000Z",
           eventActivityEndDate: new Date("2024-08-26T21:05:00.000Z"),
           eventActivityDescription: "gffu8yttdfgsdgda",
           eventId: 7
         }
       ]
     })

Argument `eventActivityTitle` is missing. em CreateEventController por User: henriquepinheiro18@gmail.com
19/08/2024, 21:06:19: INFO - Status retornados com sucesso. por User: undefined
19/08/2024, 21:06:21: INFO - Status retornados com sucesso. por User: undefined
19/08/2024, 21:06:32: INFO - Status retornados com sucesso. por User: undefined
19/08/2024, 21:06:35: INFO - Status retornados com sucesso. por User: undefined
19/08/2024, 21:06:48: INFO - Status retornados com sucesso. por User: undefined
19/08/2024, 21:06:51: INFO - Status retornados com sucesso. por User: undefined
19/08/2024, 21:06:52: INFO - Status retornados com sucesso. por User: undefined
19/08/2024, 21:06:55: ERROR - Erro ao criar Evento - Error: 
Invalid `prismaClient.eventActivity.createMany()` invocation in
/home/henrique/Desktop/TC01-Dev/TC02-API/src/repository/implementation/EventRepository.ts:28:38

  25 	},
  26 });
  27 
→ 28 await prismaClient.eventActivity.createMany({
       data: [
         {
           eventActivityTitle: undefined,
           eventActivityStartDate: "2024-08-26T21:04:00.000Z",
           eventActivityEndDate: new Date("2024-08-26T21:05:00.000Z"),
           eventActivityDescription: "gffu8yttdfgsdgda",
           eventId: 8
         }
       ]
     })

Argument `eventActivityTitle` is missing. em CreateEventController por User: henriquepinheiro18@gmail.com
19/08/2024, 21:07:06: INFO - Status retornados com sucesso. por User: undefined
19/08/2024, 21:07:06: INFO - Status retornados com sucesso. por User: undefined
19/08/2024, 21:07:37: INFO - Status retornados com sucesso. por User: undefined
19/08/2024, 21:07:37: INFO - Status retornados com sucesso. por User: undefined
19/08/2024, 21:08:52: ERROR - Erro ao criar Evento - Error: 
Invalid `prismaClient.eventActivity.createMany()` invocation in
/home/henrique/Desktop/TC01-Dev/TC02-API/src/repository/implementation/EventRepository.ts:28:38

  25 	},
  26 });
  27 
→ 28 await prismaClient.eventActivity.createMany({
       data: [
         {
           eventActivityTitle: undefined,
           eventActivityStartDate: "2024-08-22T21:08:00.000Z",
           eventActivityEndDate: new Date("2024-08-23T21:08:00.000Z"),
           eventActivityDescription: "Atividade de Teste",
           eventId: 9
         }
       ]
     })

Argument `eventActivityTitle` is missing. em CreateEventController por User: henriquepinheiro18@gmail.com
19/08/2024, 21:09:29: ERROR - Erro ao criar Evento - Error: 
Invalid `prismaClient.eventActivity.createMany()` invocation in
/home/henrique/Desktop/TC01-Dev/TC02-API/src/repository/implementation/EventRepository.ts:28:38

  25 	},
  26 });
  27 
→ 28 await prismaClient.eventActivity.createMany({
       data: [
         {
           eventActivityTitle: undefined,
           eventActivityStartDate: "2024-08-22T21:08:00.000Z",
           eventActivityEndDate: new Date("2024-08-23T21:08:00.000Z"),
           eventActivityDescription: "Atividade de Teste",
           eventId: 10
         }
       ]
     })

Argument `eventActivityTitle` is missing. em CreateEventController por User: henriquepinheiro18@gmail.com
19/08/2024, 21:09:59: ERROR - Erro ao criar Evento - Error: 
Invalid `prismaClient.eventActivity.createMany()` invocation in
/home/henrique/Desktop/TC01-Dev/TC02-API/src/repository/implementation/EventRepository.ts:28:38

  25 	},
  26 });
  27 
→ 28 await prismaClient.eventActivity.createMany({
       data: [
         {
           eventActivityTitle: undefined,
           eventActivityStartDate: "2024-08-22T21:08:00.000Z",
           eventActivityEndDate: new Date("2024-08-23T21:08:00.000Z"),
           eventActivityDescription: "Atividade de Teste",
           eventId: 11
         }
       ]
     })

Argument `eventActivityTitle` is missing. em CreateEventController por User: henriquepinheiro18@gmail.com
19/08/2024, 21:11:04: ERROR - Erro ao criar Evento - Error: 
Invalid `prismaClient.eventActivity.createMany()` invocation in
/home/henrique/Desktop/TC01-Dev/TC02-API/src/repository/implementation/EventRepository.ts:28:38

  25 	},
  26 });
  27 
→ 28 await prismaClient.eventActivity.createMany({
       data: [
         {
           eventActivityTitle: undefined,
           eventActivityStartDate: "2024-08-22T21:08:00.000Z",
           eventActivityEndDate: new Date("2024-08-23T21:08:00.000Z"),
           eventActivityDescription: "Atividade de Teste",
           eventId: 12
         }
       ]
     })

Argument `eventActivityTitle` is missing. em CreateEventController por User: henriquepinheiro18@gmail.com
19/08/2024, 21:13:46: ERROR - Erro ao Cadastrar Evento em CreateEventController por User: henriquepinheiro18@gmail.com
19/08/2024, 21:18:48: ERROR - Erro ao Cadastrar Evento em CreateEventController por User: henriquepinheiro18@gmail.com
19/08/2024, 21:22:33: INFO - Evento criado com sucesso 16 por User: undefined
19/08/2024, 21:23:57: INFO - Evento criado com sucesso 17 por User: henriquepinheiro18@gmail.com
